Arguments: 
  /usr/bin/node /usr/bin/yarn add --dev react react-dom.

PATH: 
  /usr/local/sbin:/usr/local/bin:/usr/sbin:/usr/bin:/sbin:/bin:/usr/games:/usr/local/games:/snap/bin

Yarn version: 
  1.22.10

Node version: 
  10.24.0

Platform: 
  linux x64

Trace: 
  Error: https://registry.yarnpkg.com/react-dom.: Not found
      at Request.params.callback [as _callback] (/usr/lib/node_modules/yarn/lib/cli.js:66988:18)
      at Request.self.callback (/usr/lib/node_modules/yarn/lib/cli.js:140662:22)
      at Request.emit (events.js:198:13)
      at Request.<anonymous> (/usr/lib/node_modules/yarn/lib/cli.js:141634:10)
      at Request.emit (events.js:198:13)
      at IncomingMessage.<anonymous> (/usr/lib/node_modules/yarn/lib/cli.js:141556:12)
      at Object.onceWrapper (events.js:286:20)
      at IncomingMessage.emit (events.js:203:15)
      at endReadableNT (_stream_readable.js:1145:12)
      at process._tickCallback (internal/process/next_tick.js:63:19)

npm manifest: 
  {
      "private": true,
      "scripts": {
          "dev": "npm run development",
          "development": "cross-env NODE_ENV=development node_modules/webpack/bin/webpack.js --progress --config=node_modules/laravel-mix/setup/webpack.config.js",
          "watch": "npm run development -- --watch",
          "watch-poll": "npm run watch -- --watch-poll",
          "hot": "cross-env NODE_ENV=development node_modules/webpack-dev-server/bin/webpack-dev-server.js --inline --hot --disable-host-check --config=node_modules/laravel-mix/setup/webpack.config.js",
          "prod": "npm run production",
          "production": "cross-env NODE_ENV=production node_modules/webpack/bin/webpack.js --no-progress --config=node_modules/laravel-mix/setup/webpack.config.js"
      },
      "devDependencies": {
          "@babel/preset-react": "^7.0.0",
          "axios": "^0.21.1",
          "bootstrap": "^4.0.0",
          "cross-env": "^7.0",
          "jquery": "^3.2",
          "laravel-elixir-webpack-react": "^1.0.1",
          "laravel-mix": "^5.0.1",
          "lodash": "^4.17.19",
          "popper.js": "^1.12",
          "react": "^16.14.0",
          "react-dom": "^16.14.0",
          "resolve-url-loader": "^2.3.1",
          "sass": "^1.15.2",
          "sass-loader": "^8.0.0",
          "vue-template-compiler": "^2.6.12",
          "webpack-dev-server": "^3.11.2"
      },
      "dependencies": {
          "develop": "^1.0.0",
          "package-lock.json": "^1.0.0"
      }
  }

yarn manifest: 
  No manifest

Lockfile: 
  No lockfile
